[2018-02-02 07:41:11] main.DEBUG: cache_invalidate:  {"method":"POST","url":"http://www.celebrityframing.com/checkout/cart/add/uenc/aHR0cDovL3d3dy5jZWxlYnJpdHlmcmFtaW5nLmNvbS9ibGFjay1zaWx2ZXItZnJhbWUuaHRtbA,,/product/18/","invalidateInfo":{"identifier":"notification_update_customer_session_1"},"is_exception":false} []
[2018-02-02 07:48:28] main.DEBUG: cache_invalidate:  {"method":"GET","url":"http:/","invalidateInfo":{"tags":["CONFIG"],"mode":"matchingTag"},"is_exception":false} []
[2018-02-02 07:48:28] main.DEBUG: cache_invalidate:  {"method":"GET","url":"http:/","invalidateInfo":{"tags":["LAYOUT_GENERAL_CACHE_TAG"],"mode":"matchingTag"},"is_exception":false} []
[2018-02-02 07:48:28] main.DEBUG: cache_invalidate:  {"method":"GET","url":"http:/","invalidateInfo":{"tags":["COLLECTION_DATA"],"mode":"matchingTag"},"is_exception":false} []
[2018-02-02 07:48:28] main.DEBUG: cache_invalidate:  {"method":"GET","url":"http:/","invalidateInfo":{"tags":["REFLECTION"],"mode":"matchingTag"},"is_exception":false} []
[2018-02-02 07:48:28] main.DEBUG: cache_invalidate:  {"method":"GET","url":"http:/","invalidateInfo":{"tags":["DB_DDL"],"mode":"matchingTag"},"is_exception":false} []
[2018-02-02 07:48:28] main.DEBUG: cache_invalidate:  {"method":"GET","url":"http:/","invalidateInfo":{"tags":["EAV"],"mode":"matchingTag"},"is_exception":false} []
[2018-02-02 07:48:28] main.DEBUG: cache_invalidate:  {"method":"GET","url":"http:/","invalidateInfo":{"tags":["CUSTOMER_NOTIFICATION"],"mode":"matchingTag"},"is_exception":false} []
[2018-02-02 07:48:29] main.DEBUG: cache_invalidate:  {"method":"GET","url":"http:/","invalidateInfo":{"tags":["INTEGRATION"],"mode":"matchingTag"},"is_exception":false} []
[2018-02-02 07:48:29] main.DEBUG: cache_invalidate:  {"method":"GET","url":"http:/","invalidateInfo":{"tags":["INTEGRATION_API_CONFIG"],"mode":"matchingTag"},"is_exception":false} []
[2018-02-02 07:48:29] main.DEBUG: cache_invalidate:  {"method":"GET","url":"http:/","invalidateInfo":{"tags":["TRANSLATE"],"mode":"matchingTag"},"is_exception":false} []
[2018-02-02 07:48:29] main.DEBUG: cache_invalidate:  {"method":"GET","url":"http:/","invalidateInfo":{"tags":["WEBSERVICE"],"mode":"matchingTag"},"is_exception":false} []
[2018-02-02 07:48:30] main.DEBUG: cache_invalidate:  {"method":"GET","url":"http:/","invalidateInfo":{"tags":["interception","CONFIG"],"mode":"matchingTag"},"is_exception":false} []
[2018-02-02 07:48:31] main.DEBUG: cache_invalidate:  {"method":"GET","url":"http:/","invalidateInfo":{"tags":["DB_DDL"],"mode":"matchingTag"},"is_exception":false} []
[2018-02-02 07:49:06] main.DEBUG: cache_invalidate:  {"method":"GET","url":"http://celebrityframing.com/rss/catalog/notifystock/","invalidateInfo":{"tags":["interception","CONFIG"],"mode":"matchingTag"},"is_exception":false} []
[2018-02-02 07:49:11] main.DEBUG: cache_invalidate:  {"method":"GET","url":"http://celebrityframing.com/rss/catalog/notifystock/","invalidateInfo":{"tags":["interception","CONFIG"],"mode":"matchingTag"},"is_exception":false} []
[2018-02-02 07:49:18] main.DEBUG: cache_invalidate:  {"method":"POST","url":"http://celebrityframing.com/rss/catalog/notifystock/","invalidateInfo":{"tags":["interception","CONFIG"],"mode":"matchingTag"},"is_exception":false} []
[2018-02-02 07:49:23] main.DEBUG: cache_invalidate:  {"method":"POST","url":"http://celebrityframing.com/rss/catalog/notifystock/","invalidateInfo":{"tags":["interception","CONFIG"],"mode":"matchingTag"},"is_exception":false} []
[2018-02-02 07:49:34] main.DEBUG: cache_invalidate:  {"method":"GET","url":"http://www.celebrityframing.com/black-silver-frame.html","invalidateInfo":{"tags":["interception","CONFIG"],"mode":"matchingTag"},"is_exception":false} []
[2018-02-02 07:49:40] main.DEBUG: cache_invalidate:  {"method":"GET","url":"http://www.celebrityframing.com/black-silver-frame.html","invalidateInfo":{"tags":["interception","CONFIG"],"mode":"matchingTag"},"is_exception":false} []
[2018-02-02 07:52:35] main.DEBUG: cache_invalidate:  {"method":"POST","url":"http://www.celebrityframing.com/backend/admin/index/index/key/9134dabf708249848ae3f1f1d3cb71b1c25dac913c4f33779d392a0576d90253/","invalidateInfo":{"tags":["BACKEND_MAINMENU"],"mode":"matchingAnyTag"},"is_exception":false} []
[2018-02-02 07:55:50] main.DEBUG: cache_invalidate:  {"method":"POST","url":"http://www.celebrityframing.com/backend/admin/system_config/save/section/dev/key/bd89cec6b302835c4f20108b2897842e13b50ffbeb12ffd8cf61b0009d75f6f2/","invalidateInfo":{"tags":["config_scopes","CONFIG"],"mode":"matchingTag"},"is_exception":false} []
[2018-02-02 07:55:50] main.DEBUG: cache_invalidate:  {"method":"POST","url":"http://www.celebrityframing.com/backend/admin/system_config/save/section/dev/key/bd89cec6b302835c4f20108b2897842e13b50ffbeb12ffd8cf61b0009d75f6f2/","invalidateInfo":{"tags":["config_scopes","CONFIG"],"mode":"matchingTag"},"is_exception":false} []
[2018-02-02 08:09:01] main.DEBUG: cache_invalidate:  {"method":"POST","url":"http://www.celebrityframing.com/backend/admin/system_config/save/section/dev/key/bd89cec6b302835c4f20108b2897842e13b50ffbeb12ffd8cf61b0009d75f6f2/","invalidateInfo":{"tags":["config_scopes","CONFIG"],"mode":"matchingTag"},"is_exception":false} []
[2018-02-02 08:09:01] main.DEBUG: cache_invalidate:  {"method":"POST","url":"http://www.celebrityframing.com/backend/admin/system_config/save/section/dev/key/bd89cec6b302835c4f20108b2897842e13b50ffbeb12ffd8cf61b0009d75f6f2/","invalidateInfo":{"tags":["config_scopes","CONFIG"],"mode":"matchingTag"},"is_exception":false} []
[2018-02-02 08:09:24] main.DEBUG: cache_invalidate:  {"method":"GET","url":"http:/","invalidateInfo":{"tags":["CONFIG"],"mode":"matchingTag"},"is_exception":false} []
[2018-02-02 08:09:24] main.DEBUG: cache_invalidate:  {"method":"GET","url":"http:/","invalidateInfo":{"tags":["LAYOUT_GENERAL_CACHE_TAG"],"mode":"matchingTag"},"is_exception":false} []
[2018-02-02 08:09:24] main.DEBUG: cache_invalidate:  {"method":"GET","url":"http:/","invalidateInfo":{"tags":["COLLECTION_DATA"],"mode":"matchingTag"},"is_exception":false} []
[2018-02-02 08:09:24] main.DEBUG: cache_invalidate:  {"method":"GET","url":"http:/","invalidateInfo":{"tags":["REFLECTION"],"mode":"matchingTag"},"is_exception":false} []
[2018-02-02 08:09:24] main.DEBUG: cache_invalidate:  {"method":"GET","url":"http:/","invalidateInfo":{"tags":["DB_DDL"],"mode":"matchingTag"},"is_exception":false} []
[2018-02-02 08:09:24] main.DEBUG: cache_invalidate:  {"method":"GET","url":"http:/","invalidateInfo":{"tags":["EAV"],"mode":"matchingTag"},"is_exception":false} []
[2018-02-02 08:09:24] main.DEBUG: cache_invalidate:  {"method":"GET","url":"http:/","invalidateInfo":{"tags":["CUSTOMER_NOTIFICATION"],"mode":"matchingTag"},"is_exception":false} []
[2018-02-02 08:09:24] main.DEBUG: cache_invalidate:  {"method":"GET","url":"http:/","invalidateInfo":{"tags":["INTEGRATION"],"mode":"matchingTag"},"is_exception":false} []
[2018-02-02 08:09:24] main.DEBUG: cache_invalidate:  {"method":"GET","url":"http:/","invalidateInfo":{"tags":["INTEGRATION_API_CONFIG"],"mode":"matchingTag"},"is_exception":false} []
[2018-02-02 08:09:24] main.DEBUG: cache_invalidate:  {"method":"GET","url":"http:/","invalidateInfo":{"tags":["TRANSLATE"],"mode":"matchingTag"},"is_exception":false} []
[2018-02-02 08:09:24] main.DEBUG: cache_invalidate:  {"method":"GET","url":"http:/","invalidateInfo":{"tags":["WEBSERVICE"],"mode":"matchingTag"},"is_exception":false} []
[2018-02-02 08:09:29] main.DEBUG: cache_invalidate:  {"method":"GET","url":"http://www.celebrityframing.com/backend/admin/system_config/edit/section/dev/key/26f31d7f9297da3951f3af4d2086690eaeb15f1d2ee4da1bd0b9ae2b36f7cadf/","invalidateInfo":{"tags":["interception","CONFIG"],"mode":"matchingTag"},"is_exception":false} []
[2018-02-02 08:57:31] main.DEBUG: cache_invalidate:  {"method":"GET","url":"http:/","invalidateInfo":{"tags":["CONFIG"],"mode":"matchingTag"},"is_exception":false} []
[2018-02-02 08:57:31] main.DEBUG: cache_invalidate:  {"method":"GET","url":"http:/","invalidateInfo":{"tags":["LAYOUT_GENERAL_CACHE_TAG"],"mode":"matchingTag"},"is_exception":false} []
[2018-02-02 08:57:31] main.DEBUG: cache_invalidate:  {"method":"GET","url":"http:/","invalidateInfo":{"tags":["COLLECTION_DATA"],"mode":"matchingTag"},"is_exception":false} []
[2018-02-02 08:57:31] main.DEBUG: cache_invalidate:  {"method":"GET","url":"http:/","invalidateInfo":{"tags":["REFLECTION"],"mode":"matchingTag"},"is_exception":false} []
[2018-02-02 08:57:31] main.DEBUG: cache_invalidate:  {"method":"GET","url":"http:/","invalidateInfo":{"tags":["DB_DDL"],"mode":"matchingTag"},"is_exception":false} []
[2018-02-02 08:57:31] main.DEBUG: cache_invalidate:  {"method":"GET","url":"http:/","invalidateInfo":{"tags":["EAV"],"mode":"matchingTag"},"is_exception":false} []
[2018-02-02 08:57:31] main.DEBUG: cache_invalidate:  {"method":"GET","url":"http:/","invalidateInfo":{"tags":["CUSTOMER_NOTIFICATION"],"mode":"matchingTag"},"is_exception":false} []
[2018-02-02 08:57:31] main.DEBUG: cache_invalidate:  {"method":"GET","url":"http:/","invalidateInfo":{"tags":["INTEGRATION"],"mode":"matchingTag"},"is_exception":false} []
[2018-02-02 08:57:31] main.DEBUG: cache_invalidate:  {"method":"GET","url":"http:/","invalidateInfo":{"tags":["INTEGRATION_API_CONFIG"],"mode":"matchingTag"},"is_exception":false} []
[2018-02-02 08:57:31] main.DEBUG: cache_invalidate:  {"method":"GET","url":"http:/","invalidateInfo":{"tags":["TRANSLATE"],"mode":"matchingTag"},"is_exception":false} []
[2018-02-02 08:57:31] main.DEBUG: cache_invalidate:  {"method":"GET","url":"http:/","invalidateInfo":{"tags":["WEBSERVICE"],"mode":"matchingTag"},"is_exception":false} []
[2018-02-02 08:57:32] main.DEBUG: cache_invalidate:  {"method":"GET","url":"http:/","invalidateInfo":{"tags":["interception","CONFIG"],"mode":"matchingTag"},"is_exception":false} []
[2018-02-02 08:57:33] main.DEBUG: cache_invalidate:  {"method":"GET","url":"http:/","invalidateInfo":{"tags":["DB_DDL"],"mode":"matchingTag"},"is_exception":false} []
[2018-02-02 08:59:19] main.DEBUG: cache_invalidate:  {"method":"GET","url":"http://celebrityframing.com/rss/catalog/notifystock/","invalidateInfo":{"tags":["interception","CONFIG"],"mode":"matchingTag"},"is_exception":false} []
[2018-02-02 08:59:21] main.DEBUG: cache_invalidate:  {"method":"GET","url":"http://celebrityframing.com/rss/catalog/notifystock/","invalidateInfo":{"tags":["interception","CONFIG"],"mode":"matchingTag"},"is_exception":false} []
[2018-02-02 08:59:23] main.DEBUG: cache_invalidate:  {"method":"POST","url":"http://celebrityframing.com/rss/catalog/notifystock/","invalidateInfo":{"tags":["interception","CONFIG"],"mode":"matchingTag"},"is_exception":false} []
[2018-02-02 08:59:24] main.DEBUG: cache_invalidate:  {"method":"POST","url":"http://celebrityframing.com/rss/catalog/notifystock/","invalidateInfo":{"tags":["interception","CONFIG"],"mode":"matchingTag"},"is_exception":false} []
[2018-02-02 09:56:09] main.DEBUG: cache_invalidate:  {"method":"POST","url":"http://www.celebrityframing.com/backend/admin/index/index/key/f2fccfa2fbe4bb96466768d8c5a2f3e841686b33084b69ff1a10b6b9d5ec51b0/","invalidateInfo":{"tags":["BACKEND_MAINMENU"],"mode":"matchingAnyTag"},"is_exception":false} []
[2018-02-02 09:59:12] main.DEBUG: cache_invalidate:  {"method":"POST","url":"http://www.celebrityframing.com/backend/admin/system_config/save/section/dev/key/f526618c48d2ca96a935002b5345faf013c3b43c092c43117378b7912a78bce9/","invalidateInfo":{"tags":["config_scopes","CONFIG"],"mode":"matchingTag"},"is_exception":false} []
[2018-02-02 09:59:12] main.DEBUG: cache_invalidate:  {"method":"POST","url":"http://www.celebrityframing.com/backend/admin/system_config/save/section/dev/key/f526618c48d2ca96a935002b5345faf013c3b43c092c43117378b7912a78bce9/","invalidateInfo":{"tags":["config_scopes","CONFIG"],"mode":"matchingTag"},"is_exception":false} []
[2018-02-02 09:59:22] main.DEBUG: cache_invalidate:  {"method":"GET","url":"http:/","invalidateInfo":{"tags":["CONFIG"],"mode":"matchingTag"},"is_exception":false} []
[2018-02-02 09:59:22] main.DEBUG: cache_invalidate:  {"method":"GET","url":"http:/","invalidateInfo":{"tags":["LAYOUT_GENERAL_CACHE_TAG"],"mode":"matchingTag"},"is_exception":false} []
[2018-02-02 09:59:22] main.DEBUG: cache_invalidate:  {"method":"GET","url":"http:/","invalidateInfo":{"tags":["COLLECTION_DATA"],"mode":"matchingTag"},"is_exception":false} []
[2018-02-02 09:59:22] main.DEBUG: cache_invalidate:  {"method":"GET","url":"http:/","invalidateInfo":{"tags":["REFLECTION"],"mode":"matchingTag"},"is_exception":false} []
[2018-02-02 09:59:22] main.DEBUG: cache_invalidate:  {"method":"GET","url":"http:/","invalidateInfo":{"tags":["DB_DDL"],"mode":"matchingTag"},"is_exception":false} []
[2018-02-02 09:59:22] main.DEBUG: cache_invalidate:  {"method":"GET","url":"http:/","invalidateInfo":{"tags":["EAV"],"mode":"matchingTag"},"is_exception":false} []
[2018-02-02 09:59:22] main.DEBUG: cache_invalidate:  {"method":"GET","url":"http:/","invalidateInfo":{"tags":["CUSTOMER_NOTIFICATION"],"mode":"matchingTag"},"is_exception":false} []
[2018-02-02 09:59:22] main.DEBUG: cache_invalidate:  {"method":"GET","url":"http:/","invalidateInfo":{"tags":["INTEGRATION"],"mode":"matchingTag"},"is_exception":false} []
[2018-02-02 09:59:22] main.DEBUG: cache_invalidate:  {"method":"GET","url":"http:/","invalidateInfo":{"tags":["INTEGRATION_API_CONFIG"],"mode":"matchingTag"},"is_exception":false} []
[2018-02-02 09:59:22] main.DEBUG: cache_invalidate:  {"method":"GET","url":"http:/","invalidateInfo":{"tags":["TRANSLATE"],"mode":"matchingTag"},"is_exception":false} []
[2018-02-02 09:59:22] main.DEBUG: cache_invalidate:  {"method":"GET","url":"http:/","invalidateInfo":{"tags":["WEBSERVICE"],"mode":"matchingTag"},"is_exception":false} []
[2018-02-02 09:59:27] main.DEBUG: cache_invalidate:  {"method":"GET","url":"http://www.celebrityframing.com/about","invalidateInfo":{"tags":["interception","CONFIG"],"mode":"matchingTag"},"is_exception":false} []
[2018-02-02 10:41:44] main.DEBUG: cache_invalidate:  {"method":"GET","url":"http:/","invalidateInfo":{"tags":["CONFIG"],"mode":"matchingTag"},"is_exception":false} []
[2018-02-02 10:41:44] main.DEBUG: cache_invalidate:  {"method":"GET","url":"http:/","invalidateInfo":{"tags":["LAYOUT_GENERAL_CACHE_TAG"],"mode":"matchingTag"},"is_exception":false} []
[2018-02-02 10:41:44] main.DEBUG: cache_invalidate:  {"method":"GET","url":"http:/","invalidateInfo":{"tags":["COLLECTION_DATA"],"mode":"matchingTag"},"is_exception":false} []
[2018-02-02 10:41:44] main.DEBUG: cache_invalidate:  {"method":"GET","url":"http:/","invalidateInfo":{"tags":["REFLECTION"],"mode":"matchingTag"},"is_exception":false} []
[2018-02-02 10:41:44] main.DEBUG: cache_invalidate:  {"method":"GET","url":"http:/","invalidateInfo":{"tags":["DB_DDL"],"mode":"matchingTag"},"is_exception":false} []
[2018-02-02 10:41:44] main.DEBUG: cache_invalidate:  {"method":"GET","url":"http:/","invalidateInfo":{"tags":["EAV"],"mode":"matchingTag"},"is_exception":false} []
[2018-02-02 10:41:44] main.DEBUG: cache_invalidate:  {"method":"GET","url":"http:/","invalidateInfo":{"tags":["CUSTOMER_NOTIFICATION"],"mode":"matchingTag"},"is_exception":false} []
[2018-02-02 10:41:45] main.DEBUG: cache_invalidate:  {"method":"GET","url":"http:/","invalidateInfo":{"tags":["INTEGRATION"],"mode":"matchingTag"},"is_exception":false} []
[2018-02-02 10:41:45] main.DEBUG: cache_invalidate:  {"method":"GET","url":"http:/","invalidateInfo":{"tags":["INTEGRATION_API_CONFIG"],"mode":"matchingTag"},"is_exception":false} []
[2018-02-02 10:41:45] main.DEBUG: cache_invalidate:  {"method":"GET","url":"http:/","invalidateInfo":{"tags":["TRANSLATE"],"mode":"matchingTag"},"is_exception":false} []
[2018-02-02 10:41:45] main.DEBUG: cache_invalidate:  {"method":"GET","url":"http:/","invalidateInfo":{"tags":["WEBSERVICE"],"mode":"matchingTag"},"is_exception":false} []
[2018-02-02 10:41:46] main.DEBUG: cache_invalidate:  {"method":"GET","url":"http:/","invalidateInfo":{"tags":["interception","CONFIG"],"mode":"matchingTag"},"is_exception":false} []
[2018-02-02 10:41:47] main.DEBUG: cache_invalidate:  {"method":"GET","url":"http:/","invalidateInfo":{"tags":["DB_DDL"],"mode":"matchingTag"},"is_exception":false} []
[2018-02-02 11:29:16] main.DEBUG: cache_invalidate:  {"method":"POST","url":"http://www.celebrityframing.com/backend/admin/index/index/key/b25458ab951b2832a164494db51bd5d571b14b552a73e886f3c5173c138f57b5/","invalidateInfo":{"tags":["BACKEND_MAINMENU"],"mode":"matchingAnyTag"},"is_exception":false} []
[2018-02-02 11:53:02] main.DEBUG: cache_invalidate:  {"method":"POST","url":"http://www.celebrityframing.com/backend/admin/index/index/key/8fc00e181802fc3d05283e465ccff9f3532624746e72f8190c7314d48a1275ef/","invalidateInfo":{"tags":["BACKEND_MAINMENU"],"mode":"matchingAnyTag"},"is_exception":false} []
[2018-02-02 12:13:31] main.DEBUG: cache_invalidate:  {"method":"GET","url":"http:/","invalidateInfo":{"tags":["CONFIG"],"mode":"matchingTag"},"is_exception":false} []
[2018-02-02 12:13:31] main.DEBUG: cache_invalidate:  {"method":"GET","url":"http:/","invalidateInfo":{"tags":["LAYOUT_GENERAL_CACHE_TAG"],"mode":"matchingTag"},"is_exception":false} []
[2018-02-02 12:13:31] main.DEBUG: cache_invalidate:  {"method":"GET","url":"http:/","invalidateInfo":{"tags":["COLLECTION_DATA"],"mode":"matchingTag"},"is_exception":false} []
[2018-02-02 12:13:31] main.DEBUG: cache_invalidate:  {"method":"GET","url":"http:/","invalidateInfo":{"tags":["REFLECTION"],"mode":"matchingTag"},"is_exception":false} []
[2018-02-02 12:13:31] main.DEBUG: cache_invalidate:  {"method":"GET","url":"http:/","invalidateInfo":{"tags":["DB_DDL"],"mode":"matchingTag"},"is_exception":false} []
[2018-02-02 12:13:31] main.DEBUG: cache_invalidate:  {"method":"GET","url":"http:/","invalidateInfo":{"tags":["EAV"],"mode":"matchingTag"},"is_exception":false} []
[2018-02-02 12:13:31] main.DEBUG: cache_invalidate:  {"method":"GET","url":"http:/","invalidateInfo":{"tags":["CUSTOMER_NOTIFICATION"],"mode":"matchingTag"},"is_exception":false} []
[2018-02-02 12:13:31] main.DEBUG: cache_invalidate:  {"method":"GET","url":"http:/","invalidateInfo":{"tags":["INTEGRATION"],"mode":"matchingTag"},"is_exception":false} []
[2018-02-02 12:13:31] main.DEBUG: cache_invalidate:  {"method":"GET","url":"http:/","invalidateInfo":{"tags":["INTEGRATION_API_CONFIG"],"mode":"matchingTag"},"is_exception":false} []
[2018-02-02 12:13:31] main.DEBUG: cache_invalidate:  {"method":"GET","url":"http:/","invalidateInfo":{"tags":["TRANSLATE"],"mode":"matchingTag"},"is_exception":false} []
[2018-02-02 12:13:31] main.DEBUG: cache_invalidate:  {"method":"GET","url":"http:/","invalidateInfo":{"tags":["WEBSERVICE"],"mode":"matchingTag"},"is_exception":false} []
[2018-02-02 12:13:55] main.DEBUG: cache_invalidate:  {"method":"GET","url":"http://celebrityframing.com/rss/catalog/notifystock/","invalidateInfo":{"tags":["interception","CONFIG"],"mode":"matchingTag"},"is_exception":false} []
[2018-02-02 12:26:53] main.DEBUG: cache_invalidate:  {"method":"POST","url":"http://www.celebrityframing.com/backend/admin/index/index/key/05cd3385e5f5d8a4f934df9111ce3d9f834f06eb99a4934741354b8dadeb7a5a/","invalidateInfo":{"tags":["BACKEND_MAINMENU"],"mode":"matchingAnyTag"},"is_exception":false} []
[2018-02-02 12:50:18] main.DEBUG: cache_invalidate:  {"method":"GET","url":"http:/","invalidateInfo":{"tags":["CONFIG"],"mode":"matchingTag"},"is_exception":false} []
[2018-02-02 12:50:18] main.DEBUG: cache_invalidate:  {"method":"GET","url":"http:/","invalidateInfo":{"tags":["LAYOUT_GENERAL_CACHE_TAG"],"mode":"matchingTag"},"is_exception":false} []
[2018-02-02 12:50:18] main.DEBUG: cache_invalidate:  {"method":"GET","url":"http:/","invalidateInfo":{"tags":["COLLECTION_DATA"],"mode":"matchingTag"},"is_exception":false} []
[2018-02-02 12:50:18] main.DEBUG: cache_invalidate:  {"method":"GET","url":"http:/","invalidateInfo":{"tags":["REFLECTION"],"mode":"matchingTag"},"is_exception":false} []
[2018-02-02 12:50:18] main.DEBUG: cache_invalidate:  {"method":"GET","url":"http:/","invalidateInfo":{"tags":["DB_DDL"],"mode":"matchingTag"},"is_exception":false} []
[2018-02-02 12:50:18] main.DEBUG: cache_invalidate:  {"method":"GET","url":"http:/","invalidateInfo":{"tags":["EAV"],"mode":"matchingTag"},"is_exception":false} []
[2018-02-02 12:50:18] main.DEBUG: cache_invalidate:  {"method":"GET","url":"http:/","invalidateInfo":{"tags":["CUSTOMER_NOTIFICATION"],"mode":"matchingTag"},"is_exception":false} []
[2018-02-02 12:50:19] main.DEBUG: cache_invalidate:  {"method":"GET","url":"http:/","invalidateInfo":{"tags":["INTEGRATION"],"mode":"matchingTag"},"is_exception":false} []
[2018-02-02 12:50:19] main.DEBUG: cache_invalidate:  {"method":"GET","url":"http:/","invalidateInfo":{"tags":["INTEGRATION_API_CONFIG"],"mode":"matchingTag"},"is_exception":false} []
[2018-02-02 12:50:19] main.DEBUG: cache_invalidate:  {"method":"GET","url":"http:/","invalidateInfo":{"tags":["TRANSLATE"],"mode":"matchingTag"},"is_exception":false} []
[2018-02-02 12:50:19] main.DEBUG: cache_invalidate:  {"method":"GET","url":"http:/","invalidateInfo":{"tags":["WEBSERVICE"],"mode":"matchingTag"},"is_exception":false} []
[2018-02-02 12:50:20] main.DEBUG: cache_invalidate:  {"method":"GET","url":"http:/","invalidateInfo":{"tags":["interception","CONFIG"],"mode":"matchingTag"},"is_exception":false} []
[2018-02-02 12:50:21] main.DEBUG: cache_invalidate:  {"method":"GET","url":"http:/","invalidateInfo":{"tags":["DB_DDL"],"mode":"matchingTag"},"is_exception":false} []
[2018-02-02 12:52:13] main.DEBUG: cache_invalidate:  {"method":"GET","url":"http://celebrityframing.com/rss/catalog/notifystock/","invalidateInfo":{"tags":["interception","CONFIG"],"mode":"matchingTag"},"is_exception":false} []
[2018-02-02 12:52:15] main.DEBUG: cache_invalidate:  {"method":"GET","url":"http://celebrityframing.com/rss/catalog/notifystock/","invalidateInfo":{"tags":["interception","CONFIG"],"mode":"matchingTag"},"is_exception":false} []
[2018-02-02 12:52:17] main.DEBUG: cache_invalidate:  {"method":"POST","url":"http://celebrityframing.com/rss/catalog/notifystock/","invalidateInfo":{"tags":["interception","CONFIG"],"mode":"matchingTag"},"is_exception":false} []
[2018-02-02 12:52:18] main.DEBUG: cache_invalidate:  {"method":"POST","url":"http://celebrityframing.com/rss/catalog/notifystock/","invalidateInfo":{"tags":["interception","CONFIG"],"mode":"matchingTag"},"is_exception":false} []
[2018-02-02 12:52:26] main.DEBUG: cache_invalidate:  {"method":"GET","url":"http://34.212.93.136:80/","invalidateInfo":{"tags":["interception","CONFIG"],"mode":"matchingTag"},"is_exception":false} []
[2018-02-02 12:52:27] main.DEBUG: cache_invalidate:  {"method":"GET","url":"http://34.212.93.136:80/","invalidateInfo":{"tags":["interception","CONFIG"],"mode":"matchingTag"},"is_exception":false} []
[2018-02-02 13:43:24] main.DEBUG: cache_invalidate:  {"method":"POST","url":"http://www.celebrityframing.com/backend/admin/index/index/key/8e26acadc8c5ab64469932577d2646a88b465396751f887943a089124cd6c4f1/","invalidateInfo":{"tags":["BACKEND_MAINMENU"],"mode":"matchingAnyTag"},"is_exception":false} []
[2018-02-02 13:50:56] main.DEBUG: cache_invalidate:  {"method":"POST","url":"http://www.celebrityframing.com/design/FrameDesign/","invalidateInfo":{"tags":["catalog_product_"],"mode":"matchingAnyTag"},"is_exception":false} []
[2018-02-02 13:50:56] main.DEBUG: cache_invalidate:  {"method":"POST","url":"http://www.celebrityframing.com/design/FrameDesign/","invalidateInfo":{"tags":["catalog_product"],"mode":"matchingAnyTag"},"is_exception":false} []
[2018-02-02 13:51:02] main.DEBUG: cache_invalidate:  {"method":"POST","url":"http://www.celebrityframing.com/design/FrameDesign/","invalidateInfo":{"tags":["catalog_product_131","catalog_product"],"mode":"matchingTag"},"is_exception":false} []
[2018-02-02 14:00:03] main.DEBUG: cache_invalidate:  {"method":"POST","url":"http://www.celebrityframing.com/design/FrameDesign/","invalidateInfo":{"identifier":"notification_update_customer_session_1"},"is_exception":false} []
[2018-02-02 14:00:03] main.DEBUG: cache_invalidate:  {"method":"POST","url":"http://www.celebrityframing.com/design/FrameDesign/","invalidateInfo":{"tags":["catalog_product_"],"mode":"matchingAnyTag"},"is_exception":false} []
[2018-02-02 14:00:03] main.DEBUG: cache_invalidate:  {"method":"POST","url":"http://www.celebrityframing.com/design/FrameDesign/","invalidateInfo":{"tags":["catalog_product"],"mode":"matchingAnyTag"},"is_exception":false} []
[2018-02-02 14:00:08] main.DEBUG: cache_invalidate:  {"method":"POST","url":"http://www.celebrityframing.com/design/FrameDesign/","invalidateInfo":{"tags":["catalog_product_132","catalog_product"],"mode":"matchingTag"},"is_exception":false} []
[2018-02-02 14:09:05] main.DEBUG: cache_invalidate:  {"method":"GET","url":"http:/","invalidateInfo":{"tags":["CONFIG"],"mode":"matchingTag"},"is_exception":false} []
[2018-02-02 14:09:05] main.DEBUG: cache_invalidate:  {"method":"GET","url":"http:/","invalidateInfo":{"tags":["LAYOUT_GENERAL_CACHE_TAG"],"mode":"matchingTag"},"is_exception":false} []
[2018-02-02 14:09:05] main.DEBUG: cache_invalidate:  {"method":"GET","url":"http:/","invalidateInfo":{"tags":["COLLECTION_DATA"],"mode":"matchingTag"},"is_exception":false} []
[2018-02-02 14:09:05] main.DEBUG: cache_invalidate:  {"method":"GET","url":"http:/","invalidateInfo":{"tags":["REFLECTION"],"mode":"matchingTag"},"is_exception":false} []
[2018-02-02 14:09:05] main.DEBUG: cache_invalidate:  {"method":"GET","url":"http:/","invalidateInfo":{"tags":["DB_DDL"],"mode":"matchingTag"},"is_exception":false} []
[2018-02-02 14:09:05] main.DEBUG: cache_invalidate:  {"method":"GET","url":"http:/","invalidateInfo":{"tags":["EAV"],"mode":"matchingTag"},"is_exception":false} []
[2018-02-02 14:09:05] main.DEBUG: cache_invalidate:  {"method":"GET","url":"http:/","invalidateInfo":{"tags":["CUSTOMER_NOTIFICATION"],"mode":"matchingTag"},"is_exception":false} []
[2018-02-02 14:09:06] main.DEBUG: cache_invalidate:  {"method":"GET","url":"http:/","invalidateInfo":{"tags":["INTEGRATION"],"mode":"matchingTag"},"is_exception":false} []
[2018-02-02 14:09:06] main.DEBUG: cache_invalidate:  {"method":"GET","url":"http:/","invalidateInfo":{"tags":["INTEGRATION_API_CONFIG"],"mode":"matchingTag"},"is_exception":false} []
[2018-02-02 14:09:06] main.DEBUG: cache_invalidate:  {"method":"GET","url":"http:/","invalidateInfo":{"tags":["TRANSLATE"],"mode":"matchingTag"},"is_exception":false} []
[2018-02-02 14:09:06] main.DEBUG: cache_invalidate:  {"method":"GET","url":"http:/","invalidateInfo":{"tags":["WEBSERVICE"],"mode":"matchingTag"},"is_exception":false} []
[2018-02-02 14:09:07] main.DEBUG: cache_invalidate:  {"method":"GET","url":"http:/","invalidateInfo":{"tags":["interception","CONFIG"],"mode":"matchingTag"},"is_exception":false} []
[2018-02-02 14:09:08] main.DEBUG: cache_invalidate:  {"method":"GET","url":"http:/","invalidateInfo":{"tags":["DB_DDL"],"mode":"matchingTag"},"is_exception":false} []
[2018-02-02 14:11:01] main.DEBUG: cache_invalidate:  {"method":"GET","url":"http:/","invalidateInfo":{"tags":["CONFIG"],"mode":"matchingTag"},"is_exception":false} []
[2018-02-02 14:11:01] main.DEBUG: cache_invalidate:  {"method":"GET","url":"http:/","invalidateInfo":{"tags":["LAYOUT_GENERAL_CACHE_TAG"],"mode":"matchingTag"},"is_exception":false} []
[2018-02-02 14:11:01] main.DEBUG: cache_invalidate:  {"method":"GET","url":"http:/","invalidateInfo":{"tags":["COLLECTION_DATA"],"mode":"matchingTag"},"is_exception":false} []
[2018-02-02 14:11:01] main.DEBUG: cache_invalidate:  {"method":"GET","url":"http:/","invalidateInfo":{"tags":["REFLECTION"],"mode":"matchingTag"},"is_exception":false} []
[2018-02-02 14:11:01] main.DEBUG: cache_invalidate:  {"method":"GET","url":"http:/","invalidateInfo":{"tags":["DB_DDL"],"mode":"matchingTag"},"is_exception":false} []
[2018-02-02 14:11:01] main.DEBUG: cache_invalidate:  {"method":"GET","url":"http:/","invalidateInfo":{"tags":["EAV"],"mode":"matchingTag"},"is_exception":false} []
[2018-02-02 14:11:01] main.DEBUG: cache_invalidate:  {"method":"GET","url":"http:/","invalidateInfo":{"tags":["CUSTOMER_NOTIFICATION"],"mode":"matchingTag"},"is_exception":false} []
[2018-02-02 14:11:01] main.DEBUG: cache_invalidate:  {"method":"GET","url":"http:/","invalidateInfo":{"tags":["INTEGRATION"],"mode":"matchingTag"},"is_exception":false} []
[2018-02-02 14:11:01] main.DEBUG: cache_invalidate:  {"method":"GET","url":"http:/","invalidateInfo":{"tags":["INTEGRATION_API_CONFIG"],"mode":"matchingTag"},"is_exception":false} []
[2018-02-02 14:11:01] main.DEBUG: cache_invalidate:  {"method":"GET","url":"http:/","invalidateInfo":{"tags":["TRANSLATE"],"mode":"matchingTag"},"is_exception":false} []
[2018-02-02 14:11:01] main.DEBUG: cache_invalidate:  {"method":"GET","url":"http:/","invalidateInfo":{"tags":["WEBSERVICE"],"mode":"matchingTag"},"is_exception":false} []
[2018-02-02 14:11:09] main.DEBUG: cache_invalidate:  {"method":"GET","url":"http://www.celebrityframing.com/","invalidateInfo":{"tags":["interception","CONFIG"],"mode":"matchingTag"},"is_exception":false} []
[2018-02-02 14:13:59] main.DEBUG: cache_invalidate:  {"method":"POST","url":"http://www.celebrityframing.com/design/FrameDesign/","invalidateInfo":{"tags":["catalog_product_"],"mode":"matchingAnyTag"},"is_exception":false} []
[2018-02-02 14:13:59] main.DEBUG: cache_invalidate:  {"method":"POST","url":"http://www.celebrityframing.com/design/FrameDesign/","invalidateInfo":{"tags":["catalog_product"],"mode":"matchingAnyTag"},"is_exception":false} []
[2018-02-02 14:14:05] main.DEBUG: cache_invalidate:  {"method":"POST","url":"http://www.celebrityframing.com/design/FrameDesign/","invalidateInfo":{"tags":["catalog_product_133","catalog_product"],"mode":"matchingTag"},"is_exception":false} []
[2018-02-02 14:24:46] main.DEBUG: cache_invalidate:  {"method":"POST","url":"http://www.celebrityframing.com/backend/admin/index/index/key/fdf0000e6f74344643646fbbbdaa0d993f0e70d1ac1b7ef2b7f10101f83999bb/","invalidateInfo":{"tags":["BACKEND_MAINMENU"],"mode":"matchingAnyTag"},"is_exception":false} []
[2018-02-02 14:44:36] main.DEBUG: cache_invalidate:  {"method":"POST","url":"http://www.celebrityframing.com/design/FrameDesign/","invalidateInfo":{"identifier":"notification_update_customer_session_1"},"is_exception":false} []
[2018-02-02 14:44:37] main.DEBUG: cache_invalidate:  {"method":"POST","url":"http://www.celebrityframing.com/design/FrameDesign/","invalidateInfo":{"tags":["catalog_product_"],"mode":"matchingAnyTag"},"is_exception":false} []
[2018-02-02 14:44:37] main.DEBUG: cache_invalidate:  {"method":"POST","url":"http://www.celebrityframing.com/design/FrameDesign/","invalidateInfo":{"tags":["catalog_product"],"mode":"matchingAnyTag"},"is_exception":false} []
[2018-02-02 14:44:42] main.DEBUG: cache_invalidate:  {"method":"POST","url":"http://www.celebrityframing.com/design/FrameDesign/","invalidateInfo":{"tags":["catalog_product_134","catalog_product"],"mode":"matchingTag"},"is_exception":false} []
[2018-02-02 15:00:18] main.DEBUG: cache_invalidate:  {"method":"POST","url":"http://www.celebrityframing.com/checkout/cart/add/uenc/aHR0cDovL3d3dy5jZWxlYnJpdHlmcmFtaW5nLmNvbS9ibGFjay1zaWx2ZXItZnJhbWUuaHRtbA,,/product/18/","invalidateInfo":{"identifier":"notification_update_customer_session_1"},"is_exception":false} []
[2018-02-02 15:11:23] main.DEBUG: cache_invalidate:  {"method":"POST","url":"http://www.celebrityframing.com/checkout/cart/add/uenc/aHR0cDovL3d3dy5jZWxlYnJpdHlmcmFtaW5nLmNvbS9vcm5hdGUtZ29sZC1mcmFtZS5odG1s/product/19/","invalidateInfo":{"identifier":"notification_update_customer_session_1"},"is_exception":false} []
[2018-02-02 15:23:40] main.DEBUG: cache_invalidate:  {"method":"POST","url":"http://www.celebrityframing.com/backend/admin/index/index/key/feb7a6059578844fa963eb4dcef02d7fcca193c7cf846a47ecb859573cd2b200/","invalidateInfo":{"tags":["BACKEND_MAINMENU"],"mode":"matchingAnyTag"},"is_exception":false} []
[2018-02-02 15:45:01] main.DEBUG: cache_invalidate:  {"method":"GET","url":"http:/","invalidateInfo":{"tags":["CONFIG"],"mode":"matchingTag"},"is_exception":false} []
[2018-02-02 15:45:01] main.DEBUG: cache_invalidate:  {"method":"GET","url":"http:/","invalidateInfo":{"tags":["LAYOUT_GENERAL_CACHE_TAG"],"mode":"matchingTag"},"is_exception":false} []
[2018-02-02 15:45:01] main.DEBUG: cache_invalidate:  {"method":"GET","url":"http:/","invalidateInfo":{"tags":["COLLECTION_DATA"],"mode":"matchingTag"},"is_exception":false} []
[2018-02-02 15:45:01] main.DEBUG: cache_invalidate:  {"method":"GET","url":"http:/","invalidateInfo":{"tags":["REFLECTION"],"mode":"matchingTag"},"is_exception":false} []
[2018-02-02 15:45:01] main.DEBUG: cache_invalidate:  {"method":"GET","url":"http:/","invalidateInfo":{"tags":["DB_DDL"],"mode":"matchingTag"},"is_exception":false} []
[2018-02-02 15:45:01] main.DEBUG: cache_invalidate:  {"method":"GET","url":"http:/","invalidateInfo":{"tags":["EAV"],"mode":"matchingTag"},"is_exception":false} []
[2018-02-02 15:45:01] main.DEBUG: cache_invalidate:  {"method":"GET","url":"http:/","invalidateInfo":{"tags":["CUSTOMER_NOTIFICATION"],"mode":"matchingTag"},"is_exception":false} []
[2018-02-02 15:45:01] main.DEBUG: cache_invalidate:  {"method":"GET","url":"http:/","invalidateInfo":{"tags":["INTEGRATION"],"mode":"matchingTag"},"is_exception":false} []
[2018-02-02 15:45:01] main.DEBUG: cache_invalidate:  {"method":"GET","url":"http:/","invalidateInfo":{"tags":["INTEGRATION_API_CONFIG"],"mode":"matchingTag"},"is_exception":false} []
[2018-02-02 15:45:01] main.DEBUG: cache_invalidate:  {"method":"GET","url":"http:/","invalidateInfo":{"tags":["TRANSLATE"],"mode":"matchingTag"},"is_exception":false} []
[2018-02-02 15:45:01] main.DEBUG: cache_invalidate:  {"method":"GET","url":"http:/","invalidateInfo":{"tags":["WEBSERVICE"],"mode":"matchingTag"},"is_exception":false} []
[2018-02-02 15:45:34] main.DEBUG: cache_invalidate:  {"method":"GET","url":"http://www.celebrityframing.com/design/FrameDesign/?searchText=&type=embellish","invalidateInfo":{"tags":["interception","CONFIG"],"mode":"matchingTag"},"is_exception":false} []
[2018-02-02 15:45:35] main.DEBUG: cache_invalidate:  {"method":"GET","url":"http://www.celebrityframing.com/design/FrameDesign/?type=family","invalidateInfo":{"tags":["interception","CONFIG"],"mode":"matchingTag"},"is_exception":false} []
[2018-02-02 15:45:35] main.DEBUG: cache_invalidate:  {"method":"GET","url":"http://www.celebrityframing.com/design/FrameDesign/?type=matt","invalidateInfo":{"tags":["interception","CONFIG"],"mode":"matchingTag"},"is_exception":false} []
[2018-02-02 17:27:45] main.DEBUG: cache_invalidate:  {"method":"POST","url":"http://www.celebrityframing.com/design/FrameDesign/","invalidateInfo":{"tags":["catalog_product_"],"mode":"matchingAnyTag"},"is_exception":false} []
[2018-02-02 17:27:45] main.DEBUG: cache_invalidate:  {"method":"POST","url":"http://www.celebrityframing.com/design/FrameDesign/","invalidateInfo":{"tags":["catalog_product"],"mode":"matchingAnyTag"},"is_exception":false} []
[2018-02-02 17:27:50] main.DEBUG: cache_invalidate:  {"method":"POST","url":"http://www.celebrityframing.com/design/FrameDesign/","invalidateInfo":{"tags":["catalog_product_135","catalog_product"],"mode":"matchingTag"},"is_exception":false} []
[2018-02-02 18:36:31] main.DEBUG: cache_invalidate:  {"method":"POST","url":"http://www.celebrityframing.com/design/FrameDesign/","invalidateInfo":{"identifier":"notification_update_customer_session_376"},"is_exception":false} []
[2018-02-02 18:36:31] main.DEBUG: cache_invalidate:  {"method":"POST","url":"http://www.celebrityframing.com/design/FrameDesign/","invalidateInfo":{"tags":["catalog_product_"],"mode":"matchingAnyTag"},"is_exception":false} []
[2018-02-02 18:36:31] main.DEBUG: cache_invalidate:  {"method":"POST","url":"http://www.celebrityframing.com/design/FrameDesign/","invalidateInfo":{"tags":["catalog_product"],"mode":"matchingAnyTag"},"is_exception":false} []
[2018-02-02 18:36:38] main.DEBUG: cache_invalidate:  {"method":"POST","url":"http://www.celebrityframing.com/design/FrameDesign/","invalidateInfo":{"tags":["catalog_product_136","catalog_product"],"mode":"matchingTag"},"is_exception":false} []
[2018-02-02 18:42:18] main.DEBUG: cache_invalidate:  {"method":"POST","url":"http://www.celebrityframing.com/backend/admin/index/index/key/c82570f5aa9b0db83ddbc7f7da302f08112852030478b931beb03814e8778524/","invalidateInfo":{"tags":["BACKEND_MAINMENU"],"mode":"matchingAnyTag"},"is_exception":false} []
[2018-02-02 19:32:50] main.DEBUG: cache_invalidate:  {"method":"POST","url":"http://www.celebrityframing.com/design/FrameDesign/","invalidateInfo":{"tags":["catalog_product_"],"mode":"matchingAnyTag"},"is_exception":false} []
[2018-02-02 19:32:50] main.DEBUG: cache_invalidate:  {"method":"POST","url":"http://www.celebrityframing.com/design/FrameDesign/","invalidateInfo":{"tags":["catalog_product"],"mode":"matchingAnyTag"},"is_exception":false} []
[2018-02-02 19:32:56] main.DEBUG: cache_invalidate:  {"method":"POST","url":"http://www.celebrityframing.com/design/FrameDesign/","invalidateInfo":{"tags":["catalog_product_137","catalog_product"],"mode":"matchingTag"},"is_exception":false} []
[2018-02-02 19:43:33] main.DEBUG: cache_invalidate:  {"method":"POST","url":"http://www.celebrityframing.com/design/FrameDesign/","invalidateInfo":{"identifier":"notification_update_customer_session_1"},"is_exception":false} []
[2018-02-02 19:43:33] main.DEBUG: cache_invalidate:  {"method":"POST","url":"http://www.celebrityframing.com/design/FrameDesign/","invalidateInfo":{"tags":["catalog_product_"],"mode":"matchingAnyTag"},"is_exception":false} []
[2018-02-02 19:43:33] main.DEBUG: cache_invalidate:  {"method":"POST","url":"http://www.celebrityframing.com/design/FrameDesign/","invalidateInfo":{"tags":["catalog_product"],"mode":"matchingAnyTag"},"is_exception":false} []
[2018-02-02 19:43:39] main.DEBUG: cache_invalidate:  {"method":"POST","url":"http://www.celebrityframing.com/design/FrameDesign/","invalidateInfo":{"tags":["catalog_product_138","catalog_product"],"mode":"matchingTag"},"is_exception":false} []
[2018-02-02 19:53:13] main.DEBUG: cache_invalidate:  {"method":"POST","url":"http://www.celebrityframing.com/design/FrameDesign/","invalidateInfo":{"identifier":"notification_update_customer_session_1"},"is_exception":false} []
[2018-02-02 19:53:13] main.DEBUG: cache_invalidate:  {"method":"POST","url":"http://www.celebrityframing.com/design/FrameDesign/","invalidateInfo":{"tags":["catalog_product_"],"mode":"matchingAnyTag"},"is_exception":false} []
[2018-02-02 19:53:13] main.DEBUG: cache_invalidate:  {"method":"POST","url":"http://www.celebrityframing.com/design/FrameDesign/","invalidateInfo":{"tags":["catalog_product"],"mode":"matchingAnyTag"},"is_exception":false} []
[2018-02-02 19:53:19] main.DEBUG: cache_invalidate:  {"method":"POST","url":"http://www.celebrityframing.com/design/FrameDesign/","invalidateInfo":{"tags":["catalog_product_139","catalog_product"],"mode":"matchingTag"},"is_exception":false} []
[2018-02-02 20:01:41] main.DEBUG: cache_invalidate:  {"method":"POST","url":"http://www.celebrityframing.com/design/FrameDesign/","invalidateInfo":{"identifier":"notification_update_customer_session_1"},"is_exception":false} []
[2018-02-02 20:01:41] main.DEBUG: cache_invalidate:  {"method":"POST","url":"http://www.celebrityframing.com/design/FrameDesign/","invalidateInfo":{"tags":["catalog_product_"],"mode":"matchingAnyTag"},"is_exception":false} []
[2018-02-02 20:01:41] main.DEBUG: cache_invalidate:  {"method":"POST","url":"http://www.celebrityframing.com/design/FrameDesign/","invalidateInfo":{"tags":["catalog_product"],"mode":"matchingAnyTag"},"is_exception":false} []
[2018-02-02 20:01:47] main.DEBUG: cache_invalidate:  {"method":"POST","url":"http://www.celebrityframing.com/design/FrameDesign/","invalidateInfo":{"tags":["catalog_product_140","catalog_product"],"mode":"matchingTag"},"is_exception":false} []
[2018-02-03 01:10:29] main.DEBUG: cache_invalidate:  {"method":"POST","url":"http://www.celebrityframing.com/design/FrameDesign/","invalidateInfo":{"tags":["catalog_product_"],"mode":"matchingAnyTag"},"is_exception":false} []
[2018-02-03 01:10:29] main.DEBUG: cache_invalidate:  {"method":"POST","url":"http://www.celebrityframing.com/design/FrameDesign/","invalidateInfo":{"tags":["catalog_product"],"mode":"matchingAnyTag"},"is_exception":false} []
[2018-02-03 01:10:35] main.DEBUG: cache_invalidate:  {"method":"POST","url":"http://www.celebrityframing.com/design/FrameDesign/","invalidateInfo":{"tags":["catalog_product_141","catalog_product"],"mode":"matchingTag"},"is_exception":false} []
[2018-03-14 21:23:12] main.DEBUG: cache_invalidate:  {"method":"POST","url":"http://www.celebrityframing.com/backend/admin/index/index/key/7b42545d58f8d39f0088090597396dc2751823933afd81517bc9b8fce1c0181d/","invalidateInfo":{"tags":["BACKEND_MAINMENU"],"mode":"matchingAnyTag"},"is_exception":false} []
[2018-03-14 21:26:19] main.DEBUG: cache_invalidate:  {"method":"POST","url":"http://www.celebrityframing.com/backend/gallery/image/save/key/589424b0f0dac3794d38b6f42ee91a51364fca115312472790a99fb6afea8d0b/","invalidateInfo":{"tags":["dr_gallery_image"],"mode":"matchingAnyTag"},"is_exception":false} []
[2018-03-14 21:26:55] main.DEBUG: cache_invalidate:  {"method":"POST","url":"http://www.celebrityframing.com/backend/gallery/image/save/key/589424b0f0dac3794d38b6f42ee91a51364fca115312472790a99fb6afea8d0b/","invalidateInfo":{"tags":["dr_gallery_image"],"mode":"matchingAnyTag"},"is_exception":false} []
[2018-03-14 21:27:24] main.DEBUG: cache_invalidate:  {"method":"POST","url":"http://www.celebrityframing.com/backend/gallery/image/save/key/589424b0f0dac3794d38b6f42ee91a51364fca115312472790a99fb6afea8d0b/","invalidateInfo":{"tags":["dr_gallery_image"],"mode":"matchingAnyTag"},"is_exception":false} []
[2018-03-14 21:28:12] main.DEBUG: cache_invalidate:  {"method":"POST","url":"http://www.celebrityframing.com/backend/gallery/image/save/key/589424b0f0dac3794d38b6f42ee91a51364fca115312472790a99fb6afea8d0b/","invalidateInfo":{"tags":["dr_gallery_image"],"mode":"matchingAnyTag"},"is_exception":false} []
[2018-03-14 21:28:48] main.DEBUG: cache_invalidate:  {"method":"POST","url":"http://www.celebrityframing.com/backend/gallery/image/save/key/589424b0f0dac3794d38b6f42ee91a51364fca115312472790a99fb6afea8d0b/","invalidateInfo":{"tags":["dr_gallery_image"],"mode":"matchingAnyTag"},"is_exception":false} []
[2018-03-14 21:29:05] main.DEBUG: cache_invalidate:  {"method":"POST","url":"http://www.celebrityframing.com/backend/gallery/image/save/key/589424b0f0dac3794d38b6f42ee91a51364fca115312472790a99fb6afea8d0b/","invalidateInfo":{"tags":["dr_gallery_image"],"mode":"matchingAnyTag"},"is_exception":false} []
[2018-03-14 21:29:28] main.DEBUG: cache_invalidate:  {"method":"POST","url":"http://www.celebrityframing.com/backend/gallery/image/save/key/589424b0f0dac3794d38b6f42ee91a51364fca115312472790a99fb6afea8d0b/","invalidateInfo":{"tags":["dr_gallery_image"],"mode":"matchingAnyTag"},"is_exception":false} []
[2018-03-14 21:29:49] main.DEBUG: cache_invalidate:  {"method":"POST","url":"http://www.celebrityframing.com/backend/gallery/image/save/key/589424b0f0dac3794d38b6f42ee91a51364fca115312472790a99fb6afea8d0b/","invalidateInfo":{"tags":["dr_gallery_image"],"mode":"matchingAnyTag"},"is_exception":false} []
[2018-03-14 21:30:25] main.DEBUG: cache_invalidate:  {"method":"POST","url":"http://www.celebrityframing.com/backend/gallery/image/save/key/589424b0f0dac3794d38b6f42ee91a51364fca115312472790a99fb6afea8d0b/","invalidateInfo":{"tags":["dr_gallery_image"],"mode":"matchingAnyTag"},"is_exception":false} []
[2018-03-14 21:31:13] main.DEBUG: cache_invalidate:  {"method":"POST","url":"http://www.celebrityframing.com/backend/gallery/image/save/key/589424b0f0dac3794d38b6f42ee91a51364fca115312472790a99fb6afea8d0b/","invalidateInfo":{"tags":["dr_gallery_image"],"mode":"matchingAnyTag"},"is_exception":false} []
[2018-03-14 21:31:31] main.DEBUG: cache_invalidate:  {"method":"POST","url":"http://www.celebrityframing.com/backend/gallery/image/save/key/589424b0f0dac3794d38b6f42ee91a51364fca115312472790a99fb6afea8d0b/","invalidateInfo":{"tags":["dr_gallery_image"],"mode":"matchingAnyTag"},"is_exception":false} []
[2018-03-14 21:31:54] main.DEBUG: cache_invalidate:  {"method":"POST","url":"http://www.celebrityframing.com/backend/gallery/image/save/key/589424b0f0dac3794d38b6f42ee91a51364fca115312472790a99fb6afea8d0b/","invalidateInfo":{"tags":["dr_gallery_image"],"mode":"matchingAnyTag"},"is_exception":false} []
[2018-03-14 21:32:29] main.DEBUG: cache_invalidate:  {"method":"POST","url":"http://www.celebrityframing.com/backend/gallery/image/save/key/589424b0f0dac3794d38b6f42ee91a51364fca115312472790a99fb6afea8d0b/","invalidateInfo":{"tags":["dr_gallery_image"],"mode":"matchingAnyTag"},"is_exception":false} []
[2018-03-14 21:32:48] main.DEBUG: cache_invalidate:  {"method":"POST","url":"http://www.celebrityframing.com/backend/gallery/image/save/key/589424b0f0dac3794d38b6f42ee91a51364fca115312472790a99fb6afea8d0b/","invalidateInfo":{"tags":["dr_gallery_image"],"mode":"matchingAnyTag"},"is_exception":false} []
[2018-03-14 21:33:03] main.DEBUG: cache_invalidate:  {"method":"POST","url":"http://www.celebrityframing.com/backend/gallery/image/save/key/589424b0f0dac3794d38b6f42ee91a51364fca115312472790a99fb6afea8d0b/","invalidateInfo":{"tags":["dr_gallery_image"],"mode":"matchingAnyTag"},"is_exception":false} []
[2018-03-14 21:33:27] main.DEBUG: cache_invalidate:  {"method":"POST","url":"http://www.celebrityframing.com/backend/gallery/image/save/key/589424b0f0dac3794d38b6f42ee91a51364fca115312472790a99fb6afea8d0b/","invalidateInfo":{"tags":["dr_gallery_image"],"mode":"matchingAnyTag"},"is_exception":false} []
[2018-03-14 21:33:53] main.DEBUG: cache_invalidate:  {"method":"POST","url":"http://www.celebrityframing.com/backend/gallery/image/save/key/589424b0f0dac3794d38b6f42ee91a51364fca115312472790a99fb6afea8d0b/","invalidateInfo":{"tags":["dr_gallery_image"],"mode":"matchingAnyTag"},"is_exception":false} []
[2018-03-14 21:34:14] main.DEBUG: cache_invalidate:  {"method":"POST","url":"http://www.celebrityframing.com/backend/gallery/image/save/key/589424b0f0dac3794d38b6f42ee91a51364fca115312472790a99fb6afea8d0b/","invalidateInfo":{"tags":["dr_gallery_image"],"mode":"matchingAnyTag"},"is_exception":false} []
[2018-03-14 21:34:38] main.DEBUG: cache_invalidate:  {"method":"POST","url":"http://www.celebrityframing.com/backend/gallery/image/save/key/589424b0f0dac3794d38b6f42ee91a51364fca115312472790a99fb6afea8d0b/","invalidateInfo":{"tags":["dr_gallery_image"],"mode":"matchingAnyTag"},"is_exception":false} []
[2018-03-14 21:34:51] main.DEBUG: cache_invalidate:  {"method":"POST","url":"http://www.celebrityframing.com/backend/gallery/image/save/key/589424b0f0dac3794d38b6f42ee91a51364fca115312472790a99fb6afea8d0b/","invalidateInfo":{"tags":["dr_gallery_image"],"mode":"matchingAnyTag"},"is_exception":false} []
[2018-03-14 21:35:29] main.DEBUG: cache_invalidate:  {"method":"POST","url":"http://www.celebrityframing.com/backend/gallery/image/save/key/589424b0f0dac3794d38b6f42ee91a51364fca115312472790a99fb6afea8d0b/","invalidateInfo":{"tags":["dr_gallery_image"],"mode":"matchingAnyTag"},"is_exception":false} []
[2018-03-14 21:35:56] main.DEBUG: cache_invalidate:  {"method":"POST","url":"http://www.celebrityframing.com/backend/gallery/image/save/key/589424b0f0dac3794d38b6f42ee91a51364fca115312472790a99fb6afea8d0b/","invalidateInfo":{"tags":["dr_gallery_image"],"mode":"matchingAnyTag"},"is_exception":false} []
[2018-03-14 21:36:54] main.DEBUG: cache_invalidate:  {"method":"POST","url":"http://www.celebrityframing.com/backend/gallery/image/save/key/589424b0f0dac3794d38b6f42ee91a51364fca115312472790a99fb6afea8d0b/","invalidateInfo":{"tags":["dr_gallery_image"],"mode":"matchingAnyTag"},"is_exception":false} []
[2018-03-14 21:37:18] main.DEBUG: cache_invalidate:  {"method":"POST","url":"http://www.celebrityframing.com/backend/gallery/image/save/key/589424b0f0dac3794d38b6f42ee91a51364fca115312472790a99fb6afea8d0b/","invalidateInfo":{"tags":["dr_gallery_image"],"mode":"matchingAnyTag"},"is_exception":false} []
[2018-03-14 21:37:44] main.DEBUG: cache_invalidate:  {"method":"POST","url":"http://www.celebrityframing.com/backend/gallery/image/save/key/589424b0f0dac3794d38b6f42ee91a51364fca115312472790a99fb6afea8d0b/","invalidateInfo":{"tags":["dr_gallery_image"],"mode":"matchingAnyTag"},"is_exception":false} []
[2018-03-14 21:38:05] main.DEBUG: cache_invalidate:  {"method":"POST","url":"http://www.celebrityframing.com/backend/gallery/image/save/key/589424b0f0dac3794d38b6f42ee91a51364fca115312472790a99fb6afea8d0b/","invalidateInfo":{"tags":["dr_gallery_image"],"mode":"matchingAnyTag"},"is_exception":false} []
[2018-03-14 21:38:51] main.DEBUG: cache_invalidate:  {"method":"POST","url":"http://www.celebrityframing.com/backend/gallery/image/save/key/589424b0f0dac3794d38b6f42ee91a51364fca115312472790a99fb6afea8d0b/","invalidateInfo":{"tags":["dr_gallery_image"],"mode":"matchingAnyTag"},"is_exception":false} []
[2018-03-14 21:40:08] main.DEBUG: cache_invalidate:  {"method":"POST","url":"http://www.celebrityframing.com/backend/gallery/image/save/key/589424b0f0dac3794d38b6f42ee91a51364fca115312472790a99fb6afea8d0b/","invalidateInfo":{"tags":["dr_gallery_image"],"mode":"matchingAnyTag"},"is_exception":false} []
[2018-03-14 21:41:26] main.DEBUG: cache_invalidate:  {"method":"POST","url":"http://www.celebrityframing.com/backend/gallery/image/save/key/589424b0f0dac3794d38b6f42ee91a51364fca115312472790a99fb6afea8d0b/","invalidateInfo":{"tags":["dr_gallery_image"],"mode":"matchingAnyTag"},"is_exception":false} []
[2018-03-14 21:57:37] main.DEBUG: cache_invalidate:  {"method":"POST","url":"http://www.celebrityframing.com/backend/gallery/image/save/key/589424b0f0dac3794d38b6f42ee91a51364fca115312472790a99fb6afea8d0b/","invalidateInfo":{"tags":["dr_gallery_image"],"mode":"matchingAnyTag"},"is_exception":false} []
[2018-03-14 21:58:54] main.DEBUG: cache_invalidate:  {"method":"POST","url":"http://www.celebrityframing.com/backend/gallery/image/save/key/589424b0f0dac3794d38b6f42ee91a51364fca115312472790a99fb6afea8d0b/","invalidateInfo":{"tags":["dr_gallery_image"],"mode":"matchingAnyTag"},"is_exception":false} []
[2018-03-14 22:05:03] main.DEBUG: cache_invalidate:  {"method":"POST","url":"http://www.celebrityframing.com/backend/gallery/image/save/key/589424b0f0dac3794d38b6f42ee91a51364fca115312472790a99fb6afea8d0b/","invalidateInfo":{"tags":["dr_gallery_image"],"mode":"matchingAnyTag"},"is_exception":false} []
[2018-03-14 22:23:20] main.DEBUG: cache_invalidate:  {"method":"POST","url":"http://www.celebrityframing.com/backend/admin/index/index/key/17bc78e6766cd6c21422957a2119e21999f099bded682fe86060722acad7a804/","invalidateInfo":{"tags":["BACKEND_MAINMENU"],"mode":"matchingAnyTag"},"is_exception":false} []
[2018-03-14 23:58:30] main.DEBUG: cache_invalidate:  {"method":"POST","url":"http://www.celebrityframing.com/backend/admin/index/index/key/157271258c6ac975029ed18ba44cec38704e155751237f101234307395997e6c/","invalidateInfo":{"tags":["BACKEND_MAINMENU"],"mode":"matchingAnyTag"},"is_exception":false} []
[2018-03-15 00:03:07] main.DEBUG: cache_invalidate:  {"method":"POST","url":"http://www.celebrityframing.com/backend/gallery/image/save/key/5c2833228eee32f44735c9da517ad28b1ba1e6525b02a2590d0e2b3ed2b0da34/","invalidateInfo":{"tags":["dr_gallery_image"],"mode":"matchingAnyTag"},"is_exception":false} []
[2018-03-15 00:03:28] main.DEBUG: cache_invalidate:  {"method":"POST","url":"http://www.celebrityframing.com/backend/gallery/image/save/key/5c2833228eee32f44735c9da517ad28b1ba1e6525b02a2590d0e2b3ed2b0da34/","invalidateInfo":{"tags":["dr_gallery_image"],"mode":"matchingAnyTag"},"is_exception":false} []
[2018-03-15 00:06:31] main.DEBUG: cache_invalidate:  {"method":"POST","url":"http://www.celebrityframing.com/backend/gallery/image/save/key/5c2833228eee32f44735c9da517ad28b1ba1e6525b02a2590d0e2b3ed2b0da34/","invalidateInfo":{"tags":["dr_gallery_image"],"mode":"matchingAnyTag"},"is_exception":false} []
[2018-03-15 00:06:55] main.DEBUG: cache_invalidate:  {"method":"POST","url":"http://www.celebrityframing.com/backend/gallery/image/save/key/5c2833228eee32f44735c9da517ad28b1ba1e6525b02a2590d0e2b3ed2b0da34/","invalidateInfo":{"tags":["dr_gallery_image"],"mode":"matchingAnyTag"},"is_exception":false} []
[2018-03-15 00:13:38] main.DEBUG: cache_invalidate:  {"method":"POST","url":"http://www.celebrityframing.com/backend/gallery/image/save/key/5c2833228eee32f44735c9da517ad28b1ba1e6525b02a2590d0e2b3ed2b0da34/","invalidateInfo":{"tags":["dr_gallery_image"],"mode":"matchingAnyTag"},"is_exception":false} []
[2018-03-15 00:19:00] main.DEBUG: cache_invalidate:  {"method":"POST","url":"http://www.celebrityframing.com/backend/gallery/image/save/key/5c2833228eee32f44735c9da517ad28b1ba1e6525b02a2590d0e2b3ed2b0da34/","invalidateInfo":{"tags":["dr_gallery_image"],"mode":"matchingAnyTag"},"is_exception":false} []
[2018-03-15 00:22:36] main.DEBUG: cache_invalidate:  {"method":"POST","url":"http://www.celebrityframing.com/backend/gallery/image/save/key/5c2833228eee32f44735c9da517ad28b1ba1e6525b02a2590d0e2b3ed2b0da34/","invalidateInfo":{"tags":["dr_gallery_image"],"mode":"matchingAnyTag"},"is_exception":false} []
[2018-03-15 00:26:59] main.DEBUG: cache_invalidate:  {"method":"POST","url":"http://www.celebrityframing.com/backend/gallery/image/save/key/5c2833228eee32f44735c9da517ad28b1ba1e6525b02a2590d0e2b3ed2b0da34/","invalidateInfo":{"tags":["dr_gallery_image"],"mode":"matchingAnyTag"},"is_exception":false} []
[2018-03-15 00:29:54] main.DEBUG: cache_invalidate:  {"method":"POST","url":"http://www.celebrityframing.com/backend/gallery/image/save/key/5c2833228eee32f44735c9da517ad28b1ba1e6525b02a2590d0e2b3ed2b0da34/","invalidateInfo":{"tags":["dr_gallery_image"],"mode":"matchingAnyTag"},"is_exception":false} []
[2018-03-15 00:34:03] main.DEBUG: cache_invalidate:  {"method":"POST","url":"http://www.celebrityframing.com/backend/gallery/image/save/key/5c2833228eee32f44735c9da517ad28b1ba1e6525b02a2590d0e2b3ed2b0da34/","invalidateInfo":{"tags":["dr_gallery_image"],"mode":"matchingAnyTag"},"is_exception":false} []
[2018-03-15 00:34:29] main.DEBUG: cache_invalidate:  {"method":"POST","url":"http://www.celebrityframing.com/backend/gallery/image/save/key/5c2833228eee32f44735c9da517ad28b1ba1e6525b02a2590d0e2b3ed2b0da34/","invalidateInfo":{"tags":["dr_gallery_image"],"mode":"matchingAnyTag"},"is_exception":false} []
[2018-03-15 00:38:41] main.DEBUG: cache_invalidate:  {"method":"POST","url":"http://www.celebrityframing.com/backend/gallery/image/save/key/5c2833228eee32f44735c9da517ad28b1ba1e6525b02a2590d0e2b3ed2b0da34/","invalidateInfo":{"tags":["dr_gallery_image"],"mode":"matchingAnyTag"},"is_exception":false} []
[2018-03-15 17:02:55] main.DEBUG: cache_invalidate:  {"method":"POST","url":"http://www.celebrityframing.com/backend/admin/index/index/key/30bd96818e0a3fecad4750e4bec477c2b141a4afca23a2f4c5f966166b32ce16/","invalidateInfo":{"tags":["BACKEND_MAINMENU"],"mode":"matchingAnyTag"},"is_exception":false} []
[2018-05-08 21:51:42] main.DEBUG: cache_invalidate:  {"method":"POST","url":"http://www.celebrityframing.com/design/FrameDesign/","invalidateInfo":{"tags":["catalog_product_"],"mode":"matchingAnyTag"},"is_exception":false} []
[2018-05-08 21:51:42] main.DEBUG: cache_invalidate:  {"method":"POST","url":"http://www.celebrityframing.com/design/FrameDesign/","invalidateInfo":{"tags":["catalog_product"],"mode":"matchingAnyTag"},"is_exception":false} []
[2018-05-08 21:51:48] main.DEBUG: cache_invalidate:  {"method":"POST","url":"http://www.celebrityframing.com/design/FrameDesign/","invalidateInfo":{"tags":["catalog_product_142","catalog_product"],"mode":"matchingTag"},"is_exception":false} []
[2018-05-08 21:55:14] main.DEBUG: cache_invalidate:  {"method":"POST","url":"http://www.celebrityframing.com/backend/admin/index/index/key/8752c5f0fde85e156b85f7b61d0ece0b98f95bb1e2216ece50328bbae59af2a1/","invalidateInfo":{"tags":["BACKEND_MAINMENU"],"mode":"matchingAnyTag"},"is_exception":false} []
[2018-05-16 21:00:22] main.DEBUG: cache_invalidate:  {"method":"POST","url":"http://www.celebrityframing.com/design/FrameDesign/","invalidateInfo":{"tags":["catalog_product_"],"mode":"matchingAnyTag"},"is_exception":false} []
[2018-05-16 21:00:22] main.DEBUG: cache_invalidate:  {"method":"POST","url":"http://www.celebrityframing.com/design/FrameDesign/","invalidateInfo":{"tags":["catalog_product"],"mode":"matchingAnyTag"},"is_exception":false} []
[2018-05-16 21:00:26] main.DEBUG: cache_invalidate:  {"method":"POST","url":"http://www.celebrityframing.com/design/FrameDesign/","invalidateInfo":{"tags":["catalog_product_143","catalog_product"],"mode":"matchingTag"},"is_exception":false} []
[2018-05-23 11:12:59] main.DEBUG: cache_invalidate:  {"method":"POST","url":"http://www.celebrityframing.com/backend/admin/index/index/key/08991aaf650fba3f3e45e434d993f48c8edfc7ff67526f6741a2da8fb1505a1c/","invalidateInfo":{"tags":["BACKEND_MAINMENU"],"mode":"matchingAnyTag"},"is_exception":false} []
[2018-05-24 23:56:56] main.DEBUG: cache_invalidate:  {"method":"POST","url":"http://www.celebrityframing.com/backend/admin/index/index/key/538e5803040e887d2438dc3a8c37d6ac09c21e64235b8aea1b4355c4982e9220/","invalidateInfo":{"tags":["BACKEND_MAINMENU"],"mode":"matchingAnyTag"},"is_exception":false} []
[2018-06-06 12:19:00] main.DEBUG: cache_invalidate:  {"method":"POST","url":"http://www.celebrityframing.com/backend/admin/index/index/key/62a06fa18b043af3cdafa9aee241693c83765a1649d8344a9636002a890f196e/","invalidateInfo":{"tags":["BACKEND_MAINMENU"],"mode":"matchingAnyTag"},"is_exception":false} []
[2018-06-06 17:01:49] main.DEBUG: cache_invalidate:  {"method":"POST","url":"http://www.celebrityframing.com/backend/admin/index/index/key/0b300deb7c47364560748d64e53021d34f5280d2b77da2a60bbcec6ecbee8033/","invalidateInfo":{"tags":["BACKEND_MAINMENU"],"mode":"matchingAnyTag"},"is_exception":false} []
[2018-06-06 17:02:56] main.DEBUG: cache_invalidate:  {"method":"POST","url":"http://www.celebrityframing.com/backend/admin/index/index/key/32bb8bc80230f5ce26e817c18fa8bb7912491d6b4c848e93bcc5bf9f423c9e45/","invalidateInfo":{"tags":["BACKEND_MAINMENU"],"mode":"matchingAnyTag"},"is_exception":false} []
[2018-07-03 09:28:43] main.DEBUG: cache_invalidate:  {"method":"POST","url":"http://www.celebrityframing.com/design/FrameDesign/","invalidateInfo":{"tags":["catalog_product_"],"mode":"matchingAnyTag"},"is_exception":false} []
[2018-07-03 09:28:43] main.DEBUG: cache_invalidate:  {"method":"POST","url":"http://www.celebrityframing.com/design/FrameDesign/","invalidateInfo":{"tags":["catalog_product"],"mode":"matchingAnyTag"},"is_exception":false} []
[2018-07-03 09:28:49] main.DEBUG: cache_invalidate:  {"method":"POST","url":"http://www.celebrityframing.com/design/FrameDesign/","invalidateInfo":{"tags":["catalog_product_144","catalog_product"],"mode":"matchingTag"},"is_exception":false} []
[2018-07-03 09:30:44] main.DEBUG: cache_invalidate:  {"method":"POST","url":"http://www.celebrityframing.com/design/FrameDesign/","invalidateInfo":{"tags":["catalog_product_"],"mode":"matchingAnyTag"},"is_exception":false} []
[2018-07-03 09:30:44] main.DEBUG: cache_invalidate:  {"method":"POST","url":"http://www.celebrityframing.com/design/FrameDesign/","invalidateInfo":{"tags":["catalog_product"],"mode":"matchingAnyTag"},"is_exception":false} []
[2018-07-03 09:30:50] main.DEBUG: cache_invalidate:  {"method":"POST","url":"http://www.celebrityframing.com/design/FrameDesign/","invalidateInfo":{"tags":["catalog_product_145","catalog_product"],"mode":"matchingTag"},"is_exception":false} []
[2018-07-12 09:39:55] main.DEBUG: cache_invalidate:  {"method":"POST","url":"http://www.celebrityframing.com/design/FrameDesign/","invalidateInfo":{"tags":["catalog_product_"],"mode":"matchingAnyTag"},"is_exception":false} []
[2018-07-12 09:39:55] main.DEBUG: cache_invalidate:  {"method":"POST","url":"http://www.celebrityframing.com/design/FrameDesign/","invalidateInfo":{"tags":["catalog_product"],"mode":"matchingAnyTag"},"is_exception":false} []
[2018-07-12 09:40:02] main.DEBUG: cache_invalidate:  {"method":"POST","url":"http://www.celebrityframing.com/design/FrameDesign/","invalidateInfo":{"tags":["catalog_product_146","catalog_product"],"mode":"matchingTag"},"is_exception":false} []
[2018-07-27 08:01:13] main.DEBUG: cache_invalidate:  {"method":"POST","url":"http://www.celebrityframing.com/backend/admin/index/index/key/68303e95d5d9d1cd31310c3660a03acb5e96f9c217c6cc3b64c5f6fc85084e69/","invalidateInfo":{"tags":["BACKEND_MAINMENU"],"mode":"matchingAnyTag"},"is_exception":false} []
[2018-08-13 17:07:40] main.DEBUG: cache_invalidate:  {"method":"POST","url":"http://www.celebrityframing.com/design/FrameDesign/","invalidateInfo":{"tags":["catalog_product_"],"mode":"matchingAnyTag"},"is_exception":false} []
[2018-08-13 17:07:40] main.DEBUG: cache_invalidate:  {"method":"POST","url":"http://www.celebrityframing.com/design/FrameDesign/","invalidateInfo":{"tags":["catalog_product"],"mode":"matchingAnyTag"},"is_exception":false} []
[2018-08-13 17:07:45] main.DEBUG: cache_invalidate:  {"method":"POST","url":"http://www.celebrityframing.com/design/FrameDesign/","invalidateInfo":{"tags":["catalog_product_147","catalog_product"],"mode":"matchingTag"},"is_exception":false} []
[2018-11-09 04:49:59] main.DEBUG: cache_invalidate:  {"method":"POST","url":"http://www.celebrityframing.com/design/FrameDesign/","invalidateInfo":{"tags":["catalog_product_"],"mode":"matchingAnyTag"},"is_exception":false} []
[2018-11-09 04:49:59] main.DEBUG: cache_invalidate:  {"method":"POST","url":"http://www.celebrityframing.com/design/FrameDesign/","invalidateInfo":{"tags":["catalog_product"],"mode":"matchingAnyTag"},"is_exception":false} []
[2018-11-09 04:50:04] main.DEBUG: cache_invalidate:  {"method":"POST","url":"http://www.celebrityframing.com/design/FrameDesign/","invalidateInfo":{"tags":["catalog_product_148","catalog_product"],"mode":"matchingTag"},"is_exception":false} []
[2018-12-17 05:23:08] main.DEBUG: cache_invalidate:  {"method":"POST","url":"http://www.celebrityframing.com/design/FrameDesign/","invalidateInfo":{"tags":["catalog_product_"],"mode":"matchingAnyTag"},"is_exception":false} []
[2018-12-17 05:23:09] main.DEBUG: cache_invalidate:  {"method":"POST","url":"http://www.celebrityframing.com/design/FrameDesign/","invalidateInfo":{"tags":["catalog_product"],"mode":"matchingAnyTag"},"is_exception":false} []
[2018-12-17 05:23:13] main.DEBUG: cache_invalidate:  {"method":"POST","url":"http://www.celebrityframing.com/design/FrameDesign/","invalidateInfo":{"tags":["catalog_product_149","catalog_product"],"mode":"matchingTag"},"is_exception":false} []
[2018-12-26 22:00:02] main.DEBUG: cache_invalidate:  {"method":"POST","url":"http://www.celebrityframing.com/design/FrameDesign/","invalidateInfo":{"tags":["catalog_product_"],"mode":"matchingAnyTag"},"is_exception":false} []
[2018-12-26 22:00:02] main.DEBUG: cache_invalidate:  {"method":"POST","url":"http://www.celebrityframing.com/design/FrameDesign/","invalidateInfo":{"tags":["catalog_product"],"mode":"matchingAnyTag"},"is_exception":false} []
[2018-12-26 22:00:08] main.DEBUG: cache_invalidate:  {"method":"POST","url":"http://www.celebrityframing.com/design/FrameDesign/","invalidateInfo":{"tags":["catalog_product_150","catalog_product"],"mode":"matchingTag"},"is_exception":false} []
[2019-02-14 18:02:51] main.DEBUG: cache_invalidate:  {"method":"POST","url":"http://www.celebrityframing.com/design/FrameDesign/","invalidateInfo":{"tags":["catalog_product_"],"mode":"matchingAnyTag"},"is_exception":false} []
[2019-02-14 18:02:51] main.DEBUG: cache_invalidate:  {"method":"POST","url":"http://www.celebrityframing.com/design/FrameDesign/","invalidateInfo":{"tags":["catalog_product"],"mode":"matchingAnyTag"},"is_exception":false} []
[2019-02-14 18:02:56] main.DEBUG: cache_invalidate:  {"method":"POST","url":"http://www.celebrityframing.com/design/FrameDesign/","invalidateInfo":{"tags":["catalog_product_151","catalog_product"],"mode":"matchingTag"},"is_exception":false} []
[2019-02-14 18:02:59] main.DEBUG: cache_invalidate:  {"method":"POST","url":"http://www.celebrityframing.com/design/FrameDesign/","invalidateInfo":{"tags":["catalog_product_"],"mode":"matchingAnyTag"},"is_exception":false} []
[2019-02-14 18:02:59] main.DEBUG: cache_invalidate:  {"method":"POST","url":"http://www.celebrityframing.com/design/FrameDesign/","invalidateInfo":{"tags":["catalog_product"],"mode":"matchingAnyTag"},"is_exception":false} []
[2019-02-14 18:03:04] main.DEBUG: cache_invalidate:  {"method":"POST","url":"http://www.celebrityframing.com/design/FrameDesign/","invalidateInfo":{"tags":["catalog_product_152","catalog_product"],"mode":"matchingTag"},"is_exception":false} []
[2019-02-25 07:12:40] main.DEBUG: cache_invalidate:  {"method":"POST","url":"http://www.celebrityframing.com/design/FrameDesign/","invalidateInfo":{"tags":["catalog_product_"],"mode":"matchingAnyTag"},"is_exception":false} []
[2019-02-25 07:12:40] main.DEBUG: cache_invalidate:  {"method":"POST","url":"http://www.celebrityframing.com/design/FrameDesign/","invalidateInfo":{"tags":["catalog_product"],"mode":"matchingAnyTag"},"is_exception":false} []
[2019-02-25 07:12:44] main.DEBUG: cache_invalidate:  {"method":"POST","url":"http://www.celebrityframing.com/design/FrameDesign/","invalidateInfo":{"tags":["catalog_product_153","catalog_product"],"mode":"matchingTag"},"is_exception":false} []
[2019-03-11 20:20:13] main.DEBUG: cache_invalidate:  {"method":"POST","url":"http://www.celebrityframing.com/design/FrameDesign/","invalidateInfo":{"tags":["catalog_product_"],"mode":"matchingAnyTag"},"is_exception":false} []
[2019-03-11 20:20:13] main.DEBUG: cache_invalidate:  {"method":"POST","url":"http://www.celebrityframing.com/design/FrameDesign/","invalidateInfo":{"tags":["catalog_product"],"mode":"matchingAnyTag"},"is_exception":false} []
[2019-03-11 20:20:19] main.DEBUG: cache_invalidate:  {"method":"POST","url":"http://www.celebrityframing.com/design/FrameDesign/","invalidateInfo":{"tags":["catalog_product_154","catalog_product"],"mode":"matchingTag"},"is_exception":false} []
[2019-03-20 07:33:02] main.DEBUG: cache_invalidate:  {"method":"POST","url":"http://www.celebrityframing.com/backend/admin/index/index/key/ac3317327babd2d3170121a571c8b6cc9a50a99751233e000dcba4d07fd05049/","invalidateInfo":{"tags":["BACKEND_MAINMENU"],"mode":"matchingAnyTag"},"is_exception":false} []
[2019-04-25 23:22:09] main.DEBUG: cache_invalidate:  {"method":"POST","url":"http://www.celebrityframing.com/design/FrameDesign/","invalidateInfo":{"tags":["catalog_product_"],"mode":"matchingAnyTag"},"is_exception":false} []
[2019-04-25 23:22:09] main.DEBUG: cache_invalidate:  {"method":"POST","url":"http://www.celebrityframing.com/design/FrameDesign/","invalidateInfo":{"tags":["catalog_product"],"mode":"matchingAnyTag"},"is_exception":false} []
[2019-04-25 23:22:14] main.DEBUG: cache_invalidate:  {"method":"POST","url":"http://www.celebrityframing.com/design/FrameDesign/","invalidateInfo":{"tags":["catalog_product_155","catalog_product"],"mode":"matchingTag"},"is_exception":false} []
[2019-04-25 23:24:28] main.DEBUG: cache_invalidate:  {"method":"POST","url":"http://www.celebrityframing.com/design/FrameDesign/","invalidateInfo":{"tags":["catalog_product_"],"mode":"matchingAnyTag"},"is_exception":false} []
[2019-04-25 23:24:28] main.DEBUG: cache_invalidate:  {"method":"POST","url":"http://www.celebrityframing.com/design/FrameDesign/","invalidateInfo":{"tags":["catalog_product"],"mode":"matchingAnyTag"},"is_exception":false} []
[2019-04-25 23:24:32] main.DEBUG: cache_invalidate:  {"method":"POST","url":"http://www.celebrityframing.com/design/FrameDesign/","invalidateInfo":{"tags":["catalog_product_156","catalog_product"],"mode":"matchingTag"},"is_exception":false} []
[2019-05-27 17:08:31] main.DEBUG: cache_invalidate:  {"method":"POST","url":"http://www.celebrityframing.com/backend/admin/index/index/key/8097f85b341c3c356563f6b20ad690d30a7e0059d945007c50f609a4cbace821/","invalidateInfo":{"tags":["BACKEND_MAINMENU"],"mode":"matchingAnyTag"},"is_exception":false} []
[2019-07-03 16:59:15] main.DEBUG: cache_invalidate:  {"method":"POST","url":"http://www.celebrityframing.com/backend/admin/index/index/key/9f6bf5513e1d7f3acfd9b517fffcd44d44ce1a3595b11c6bf8cae04415182ff9/","invalidateInfo":{"tags":["BACKEND_MAINMENU"],"mode":"matchingAnyTag"},"is_exception":false} []
[2019-09-20 20:52:01] main.DEBUG: cache_invalidate:  {"method":"POST","url":"http://www.celebrityframing.com/design/FrameDesign/","invalidateInfo":{"tags":["catalog_product_"],"mode":"matchingAnyTag"},"is_exception":false} []
[2019-09-20 20:52:01] main.DEBUG: cache_invalidate:  {"method":"POST","url":"http://www.celebrityframing.com/design/FrameDesign/","invalidateInfo":{"tags":["catalog_product"],"mode":"matchingAnyTag"},"is_exception":false} []
[2019-09-20 20:52:06] main.DEBUG: cache_invalidate:  {"method":"POST","url":"http://www.celebrityframing.com/design/FrameDesign/","invalidateInfo":{"tags":["catalog_product_157","catalog_product"],"mode":"matchingTag"},"is_exception":false} []
[2019-09-27 11:07:31] main.DEBUG: cache_invalidate:  {"method":"POST","url":"http://www.celebrityframing.com/design/FrameDesign/","invalidateInfo":{"tags":["catalog_product_"],"mode":"matchingAnyTag"},"is_exception":false} []
[2019-09-27 11:07:31] main.DEBUG: cache_invalidate:  {"method":"POST","url":"http://www.celebrityframing.com/design/FrameDesign/","invalidateInfo":{"tags":["catalog_product"],"mode":"matchingAnyTag"},"is_exception":false} []
[2019-09-27 11:07:36] main.DEBUG: cache_invalidate:  {"method":"POST","url":"http://www.celebrityframing.com/design/FrameDesign/","invalidateInfo":{"tags":["catalog_product_158","catalog_product"],"mode":"matchingTag"},"is_exception":false} []
[2019-11-07 16:02:51] main.DEBUG: cache_invalidate:  {"method":"POST","url":"http://www.celebrityframing.com/customer/account/createpost/","invalidateInfo":{"identifier":"notification_update_customer_session_4739"},"is_exception":false} []
[2019-11-11 10:50:37] main.DEBUG: cache_invalidate:  {"method":"POST","url":"http://www.celebrityframing.com/customer/account/createpost/","invalidateInfo":{"identifier":"notification_update_customer_session_5064"},"is_exception":false} []
[2019-11-15 11:45:47] main.DEBUG: cache_invalidate:  {"method":"POST","url":"http://www.celebrityframing.com/customer/account/createpost/","invalidateInfo":{"identifier":"notification_update_customer_session_5083"},"is_exception":false} []
[2019-11-15 18:09:26] main.DEBUG: cache_invalidate:  {"method":"POST","url":"http://www.celebrityframing.com/customer/account/createpost/","invalidateInfo":{"identifier":"notification_update_customer_session_5084"},"is_exception":false} []
[2020-02-27 07:14:59] main.DEBUG: cache_invalidate:  {"method":"POST","url":"http://www.celebrityframing.com/backend/admin/index/index/key/47b74d95525f4919db7d55025de9b0a0cb46adff5b8c13534fa7a3948c1e43b2/","invalidateInfo":{"tags":["BACKEND_MAINMENU"],"mode":"matchingAnyTag"},"is_exception":false} []
[2020-02-27 11:02:51] main.DEBUG: cache_invalidate:  {"method":"POST","url":"http://www.celebrityframing.com/backend/admin/index/index/key/85f481c0527961b85ccefa8406dbe111b6e26bfc1d6952d87ed6280f8d09b139/","invalidateInfo":{"tags":["BACKEND_MAINMENU"],"mode":"matchingAnyTag"},"is_exception":false} []
[2020-02-27 17:25:44] main.DEBUG: cache_invalidate:  {"method":"POST","url":"http://www.celebrityframing.com/design/FrameDesign/","invalidateInfo":{"tags":["catalog_product_"],"mode":"matchingAnyTag"},"is_exception":false} []
[2020-02-27 17:25:44] main.DEBUG: cache_invalidate:  {"method":"POST","url":"http://www.celebrityframing.com/design/FrameDesign/","invalidateInfo":{"tags":["catalog_product"],"mode":"matchingAnyTag"},"is_exception":false} []
[2020-02-27 17:25:49] main.DEBUG: cache_invalidate:  {"method":"POST","url":"http://www.celebrityframing.com/design/FrameDesign/","invalidateInfo":{"tags":["catalog_product_159","catalog_product"],"mode":"matchingTag"},"is_exception":false} []
[2020-03-07 14:01:22] main.DEBUG: cache_invalidate:  {"method":"POST","url":"http://www.celebrityframing.com/design/FrameDesign/","invalidateInfo":{"tags":["catalog_product_"],"mode":"matchingAnyTag"},"is_exception":false} []
[2020-03-07 14:01:23] main.DEBUG: cache_invalidate:  {"method":"POST","url":"http://www.celebrityframing.com/design/FrameDesign/","invalidateInfo":{"tags":["catalog_product"],"mode":"matchingAnyTag"},"is_exception":false} []
[2020-03-07 14:01:28] main.DEBUG: cache_invalidate:  {"method":"POST","url":"http://www.celebrityframing.com/design/FrameDesign/","invalidateInfo":{"tags":["catalog_product_160","catalog_product"],"mode":"matchingTag"},"is_exception":false} []
